= Host-specific information ====================================================
$> hostname; uname -msr
e1r2p6.42.fr
Darwin 15.4.0 x86_64
$> date
Sat Apr  2 09:08:15 CEST 2016
$> gcc --version
Configured with: --prefix=/Applications/Xcode.app/Contents/Developer/usr --with-gxx-include-dir=/usr/include/c++/4.2.1
Apple LLVM version 7.3.0 (clang-703.0.29)
Target: x86_64-apple-darwin15.4.0
Thread model: posix
InstalledDir: /Applications/Xcode.app/Contents/Developer/Toolchains/XcodeDefault.xctoolchain/usr/bin
$> clang --version
Apple LLVM version 7.3.0 (clang-703.0.29)
Target: x86_64-apple-darwin15.4.0
Thread model: posix
InstalledDir: /Applications/Xcode.app/Contents/Developer/Toolchains/XcodeDefault.xctoolchain/usr/bin

= User files collection ========================================================
Collecting user files from Vogsphere
Repository URL: auto-exam/2016/c-exam-beginner/practice-exam_20160402/ravard

= Git history ==================================================================
$> git -C /var/folders/cb/dx02vf3x57lgxklkk9gcks6w0000gq/T/tmprS3RO0/user log --pretty='%H - %an, %ad : %s'
038a61c19ab8d824ee5d1a9af947f0b0827a0d9b - Robin AVARD, Sat Apr 2 09:08:04 2016 +0200 : print_memory
67c279a43602167bb928067e9ad2814b93519306 - Robin AVARD, Sat Apr 2 08:35:50 2016 +0200 : allez ma poue
90cfddf0d7c8bbd36524e204f42092b9362d976b - Robin AVARD, Sat Apr 2 08:31:10 2016 +0200 : aller go test lvl 5
35a00ecabb90a1f1d42737be62246cc22311f4c5 - Robin AVARD, Sat Apr 2 08:26:26 2016 +0200 : k
 
= Collected files ==========================================
$> ls -lAR /var/folders/cb/dx02vf3x57lgxklkk9gcks6w0000gq/T/tmprS3RO0/user
total 8
-rw-r--r--  1 deepthought  deepthought  1198 Apr  2 09:08 __GIT_HISTORY
drwxr-xr-x  5 deepthought  deepthought   170 Apr  2 09:08 brainfuck
drwxr-xr-x  4 deepthought  deepthought   136 Apr  2 09:08 ft_list_foreach
drwxr-xr-x  3 deepthought  deepthought   102 Apr  2 09:08 print_memory
drwxr-xr-x  3 deepthought  deepthought   102 Apr  2 09:08 rev_wstr

/var/folders/cb/dx02vf3x57lgxklkk9gcks6w0000gq/T/tmprS3RO0/user/brainfuck:
total 24
-rw-r--r--  1 deepthought  deepthought   317 Apr  2 09:08 brainfuck.h
-rw-r--r--  1 deepthought  deepthought  1232 Apr  2 09:08 ft_inter_brainfuck.c
-rw-r--r--  1 deepthought  deepthought   474 Apr  2 09:08 main.c

/var/folders/cb/dx02vf3x57lgxklkk9gcks6w0000gq/T/tmprS3RO0/user/ft_list_foreach:
total 16
-rw-r--r--  1 deepthought  deepthought  137 Apr  2 09:08 ft_list.h
-rw-r--r--  1 deepthought  deepthought  179 Apr  2 09:08 ft_list_foreach.c

/var/folders/cb/dx02vf3x57lgxklkk9gcks6w0000gq/T/tmprS3RO0/user/print_memory:
total 8
-rw-r--r--  1 deepthought  deepthought  1385 Apr  2 09:08 print_memory.c

/var/folders/cb/dx02vf3x57lgxklkk9gcks6w0000gq/T/tmprS3RO0/user/rev_wstr:
total 8
-rw-r--r--  1 deepthought  deepthought  1659 Apr  2 09:08 rev_wstr.c
 
= print_memory =================================================================
$> clang -Wextra -Wall -Werror print_memory.c main.c -o user_exe 

= Test 1 ===================================================
$> ./tnrfrdfek51k8iajswr9ql5d
$> diff -U 3 user_output_test1 test1.output | cat -e
--- user_output_test1	2016-04-02 09:08:16.000000000 +0200$
+++ test1.output	2016-04-02 09:08:16.000000000 +0200$
@@ -3,7 +3,7 @@$
 0000 0000 0000 0000                     ........$
 0001 0203 0405 0607 0809 0a0b 0c0d 0e0f ................$
 1011 1213 1415 1617 1819 1a1b 1c1d 1e1f ................$
-2021 2223 2425 2627 2829 2a2b 2c2d 2e2f .!"#$%&'()*+,-./$
+2021 2223 2425 2627 2829 2a2b 2c2d 2e2f  !"#$%&'()*+,-./$
 3031 3233 3435 3637 3839 3a3b 3c3d 3e3f 0123456789:;<=>?$
 4041 4243 4445 4647 4849 4a4b 4c4d 4e4f @ABCDEFGHIJKLMNO$
 5051 5253 5455 5657 5859 5a5b 5c5d 5e5f PQRSTUVWXYZ[\]^_$

Diff KO :(
Grade: 0

= Final grade: 0 ===============================================================
